{"/home/alex/development/codeworks/projects/grouptripper/server/src/index.ts": {"path":"/home/alex/development/codeworks/projects/grouptripper/server/src/index.ts","statementMap":{"0":{"start":{"line":1,"column":0},"end":{"line":1,"column":30}},"1":{"start":{"line":2,"column":13},"end":{"line":2,"column":28}},"2":{"start":{"line":3,"column":15},"end":{"line":3,"column":32}},"3":{"start":{"line":5,"column":15},"end":{"line":5,"column":32}},"4":{"start":{"line":7,"column":20},"end":{"line":7,"column":42}},"5":{"start":{"line":9,"column":13},"end":{"line":9,"column":37}},"6":{"start":{"line":11,"column":0},"end":{"line":11,"column":16}},"7":{"start":{"line":13,"column":33},"end":{"line":13,"column":42}},"8":{"start":{"line":14,"column":0},"end":{"line":14,"column":16}},"9":{"start":{"line":15,"column":0},"end":{"line":15,"column":24}},"10":{"start":{"line":16,"column":0},"end":{"line":16,"column":24}},"11":{"start":{"line":18,"column":0},"end":{"line":18,"column":26}},"12":{"start":{"line":20,"column":0},"end":{"line":22,"column":3}},"13":{"start":{"line":21,"column":2},"end":{"line":21,"column":60}}},"fnMap":{"0":{"name":"(anonymous_1)","decl":{"start":{"line":20,"column":17},"end":{"line":20,"column":20}},"loc":{"start":{"line":20,"column":22},"end":{"line":22,"column":1}}}},"branchMap":{"0":{"loc":{"start":{"line":9,"column":13},"end":{"line":9,"column":29}},"type":"binary-expr","locations":[{"start":{"line":9,"column":13},"end":{"line":9,"column":29}},{"start":{"line":9,"column":33},"end":{"line":9,"column":37}}]}},"s":{"0":0,"1":0,"2":0,"3":0,"4":0,"5":0,"6":0,"7":0,"8":0,"9":0,"10":0,"11":0,"12":0,"13":0},"f":{"0":0},"b":{"0":[0,0]}}
,"/home/alex/development/codeworks/projects/grouptripper/server/src/router.ts": {"path":"/home/alex/development/codeworks/projects/grouptripper/server/src/router.ts","statementMap":{"0":{"start":{"line":1,"column":0},"end":{"line":1,"column":30}},"1":{"start":{"line":2,"column":15},"end":{"line":2,"column":31}},"2":{"start":{"line":4,"column":20},"end":{"line":4,"column":63}},"3":{"start":{"line":7,"column":0},"end":{"line":7,"column":46}},"4":{"start":{"line":10,"column":0},"end":{"line":10,"column":43}},"5":{"start":{"line":13,"column":0},"end":{"line":13,"column":52}},"6":{"start":{"line":15,"column":0},"end":{"line":15,"column":49}},"7":{"start":{"line":17,"column":0},"end":{"line":17,"column":24}}},"fnMap":{},"branchMap":{},"s":{"0":0,"1":0,"2":0,"3":0,"4":0,"5":0,"6":0,"7":0},"f":{},"b":{}}
,"/home/alex/development/codeworks/projects/grouptripper/server/src/controllers/trip.controller.ts": {"path":"/home/alex/development/codeworks/projects/grouptripper/server/src/controllers/trip.controller.ts","statementMap":{"0":{"start":{"line":3,"column":13},"end":{"line":3,"column":47}},"1":{"start":{"line":5,"column":0},"end":{"line":15,"column":2}},"2":{"start":{"line":5,"column":60},"end":{"line":15,"column":2}},"3":{"start":{"line":6,"column":2},"end":{"line":14,"column":null}},"4":{"start":{"line":7,"column":21},"end":{"line":7,"column":38}},"5":{"start":{"line":8,"column":4},"end":{"line":8,"column":23}},"6":{"start":{"line":9,"column":4},"end":{"line":9,"column":20}},"7":{"start":{"line":11,"column":4},"end":{"line":11,"column":19}},"8":{"start":{"line":12,"column":4},"end":{"line":12,"column":20}},"9":{"start":{"line":13,"column":4},"end":{"line":13,"column":42}},"10":{"start":{"line":17,"column":0},"end":{"line":31,"column":2}},"11":{"start":{"line":17,"column":56},"end":{"line":31,"column":2}},"12":{"start":{"line":18,"column":2},"end":{"line":30,"column":null}},"13":{"start":{"line":19,"column":20},"end":{"line":19,"column":47}},"14":{"start":{"line":20,"column":4},"end":{"line":20,"column":22}},"15":{"start":{"line":21,"column":4},"end":{"line":21,"column":20}},"16":{"start":{"line":23,"column":4},"end":{"line":23,"column":19}},"17":{"start":{"line":24,"column":4},"end":{"line":27,"column":null}},"18":{"start":{"line":25,"column":6},"end":{"line":25,"column":22}},"19":{"start":{"line":26,"column":6},"end":{"line":26,"column":44}},"20":{"start":{"line":28,"column":4},"end":{"line":28,"column":20}},"21":{"start":{"line":29,"column":4},"end":{"line":29,"column":42}},"22":{"start":{"line":33,"column":0},"end":{"line":43,"column":2}},"23":{"start":{"line":33,"column":59},"end":{"line":43,"column":2}},"24":{"start":{"line":34,"column":2},"end":{"line":42,"column":null}},"25":{"start":{"line":35,"column":23},"end":{"line":35,"column":57}},"26":{"start":{"line":36,"column":4},"end":{"line":36,"column":25}},"27":{"start":{"line":37,"column":4},"end":{"line":37,"column":20}},"28":{"start":{"line":39,"column":4},"end":{"line":39,"column":19}},"29":{"start":{"line":40,"column":4},"end":{"line":40,"column":20}},"30":{"start":{"line":41,"column":4},"end":{"line":41,"column":42}},"31":{"start":{"line":45,"column":0},"end":{"line":55,"column":2}},"32":{"start":{"line":45,"column":59},"end":{"line":55,"column":2}},"33":{"start":{"line":46,"column":2},"end":{"line":54,"column":null}},"34":{"start":{"line":47,"column":4},"end":{"line":47,"column":48}},"35":{"start":{"line":48,"column":4},"end":{"line":48,"column":29}},"36":{"start":{"line":49,"column":4},"end":{"line":49,"column":20}},"37":{"start":{"line":51,"column":4},"end":{"line":51,"column":19}},"38":{"start":{"line":52,"column":4},"end":{"line":52,"column":20}},"39":{"start":{"line":53,"column":4},"end":{"line":53,"column":42}}},"fnMap":{"0":{"name":"(anonymous_7)","decl":{"start":{"line":5,"column":22},"end":{"line":5,"column":29}},"loc":{"start":{"line":5,"column":60},"end":{"line":15,"column":2}}},"1":{"name":"(anonymous_8)","decl":{"start":{"line":5,"column":60},"end":{"line":5,"column":null}},"loc":{"start":{"line":5,"column":60},"end":{"line":15,"column":1}}},"2":{"name":"(anonymous_9)","decl":{"start":{"line":17,"column":18},"end":{"line":17,"column":25}},"loc":{"start":{"line":17,"column":56},"end":{"line":31,"column":2}}},"3":{"name":"(anonymous_10)","decl":{"start":{"line":17,"column":56},"end":{"line":17,"column":null}},"loc":{"start":{"line":17,"column":56},"end":{"line":31,"column":1}}},"4":{"name":"(anonymous_11)","decl":{"start":{"line":33,"column":21},"end":{"line":33,"column":28}},"loc":{"start":{"line":33,"column":59},"end":{"line":43,"column":2}}},"5":{"name":"(anonymous_12)","decl":{"start":{"line":33,"column":59},"end":{"line":33,"column":null}},"loc":{"start":{"line":33,"column":59},"end":{"line":43,"column":1}}},"6":{"name":"(anonymous_13)","decl":{"start":{"line":45,"column":21},"end":{"line":45,"column":28}},"loc":{"start":{"line":45,"column":59},"end":{"line":55,"column":2}}},"7":{"name":"(anonymous_14)","decl":{"start":{"line":45,"column":59},"end":{"line":45,"column":null}},"loc":{"start":{"line":45,"column":59},"end":{"line":55,"column":1}}}},"branchMap":{"0":{"loc":{"start":{"line":24,"column":4},"end":{"line":27,"column":null}},"type":"if","locations":[{"start":{"line":24,"column":4},"end":{"line":27,"column":null}},{"start":{"line":24,"column":4},"end":{"line":27,"column":null}}]}},"s":{"0":0,"1":0,"2":0,"3":0,"4":0,"5":0,"6":0,"7":0,"8":0,"9":0,"10":0,"11":0,"12":0,"13":0,"14":0,"15":0,"16":0,"17":0,"18":0,"19":0,"20":0,"21":0,"22":0,"23":0,"24":0,"25":0,"26":0,"27":0,"28":0,"29":0,"30":0,"31":0,"32":0,"33":0,"34":0,"35":0,"36":0,"37":0,"38":0,"39":0},"f":{"0":0,"1":0,"2":0,"3":0,"4":0,"5":0,"6":0,"7":0},"b":{"0":[0,0]}}
,"/home/alex/development/codeworks/projects/grouptripper/server/src/models/index.ts": {"path":"/home/alex/development/codeworks/projects/grouptripper/server/src/models/index.ts","statementMap":{"0":{"start":{"line":1,"column":0},"end":{"line":1,"column":32}},"1":{"start":{"line":3,"column":16},"end":{"line":3,"column":61}},"2":{"start":{"line":4,"column":16},"end":{"line":4,"column":44}},"3":{"start":{"line":5,"column":16},"end":{"line":5,"column":53}},"4":{"start":{"line":7,"column":0},"end":{"line":11,"column":3}},"5":{"start":{"line":13,"column":19},"end":{"line":13,"column":38}},"6":{"start":{"line":15,"column":0},"end":{"line":17,"column":3}},"7":{"start":{"line":16,"column":2},"end":{"line":16,"column":48}},"8":{"start":{"line":19,"column":0},"end":{"line":19,"column":26}}},"fnMap":{"0":{"name":"(anonymous_1)","decl":{"start":{"line":15,"column":24},"end":{"line":15,"column":27}},"loc":{"start":{"line":15,"column":29},"end":{"line":17,"column":1}}}},"branchMap":{"0":{"loc":{"start":{"line":3,"column":16},"end":{"line":3,"column":36}},"type":"binary-expr","locations":[{"start":{"line":3,"column":16},"end":{"line":3,"column":36}},{"start":{"line":3,"column":40},"end":{"line":3,"column":61}}]},"1":{"loc":{"start":{"line":4,"column":16},"end":{"line":4,"column":35}},"type":"binary-expr","locations":[{"start":{"line":4,"column":16},"end":{"line":4,"column":35}},{"start":{"line":4,"column":39},"end":{"line":4,"column":44}}]},"2":{"loc":{"start":{"line":5,"column":16},"end":{"line":5,"column":35}},"type":"binary-expr","locations":[{"start":{"line":5,"column":16},"end":{"line":5,"column":35}},{"start":{"line":5,"column":39},"end":{"line":5,"column":53}}]}},"s":{"0":0,"1":0,"2":0,"3":0,"4":0,"5":0,"6":0,"7":0,"8":0},"f":{"0":0},"b":{"0":[0,0],"1":[0,0],"2":[0,0]}}
,"/home/alex/development/codeworks/projects/grouptripper/server/src/models/trip.model.ts": {"path":"/home/alex/development/codeworks/projects/grouptripper/server/src/models/trip.model.ts","statementMap":{"0":{"start":{"line":1,"column":17},"end":{"line":1,"column":38}},"1":{"start":{"line":3,"column":15},"end":{"line":3,"column":30}},"2":{"start":{"line":5,"column":19},"end":{"line":26,"column":2}},"3":{"start":{"line":28,"column":13},"end":{"line":28,"column":47}},"4":{"start":{"line":30,"column":0},"end":{"line":30,"column":22}}},"fnMap":{},"branchMap":{},"s":{"0":0,"1":0,"2":0,"3":0,"4":0},"f":{},"b":{}}
}
